<?xml version="1.0" encoding="UTF-8"?>
<coverage generated="1652616179276" clover="3.2.0">
  <project timestamp="1652616179276" name="All files">
    <metrics statements="18" coveredstatements="17" conditionals="7" coveredconditionals="7" methods="8" coveredmethods="7" elements="33" coveredelements="31" complexity="0" loc="18" ncloc="18" packages="1" files="1" classes="1"/>
    <file name="calculator.js" path="/home/hayley/repos/Calculator/calculator.js">
      <metrics statements="18" coveredstatements="17" conditionals="7" coveredconditionals="7" methods="8" coveredmethods="7"/>
      <line num="3" count="1" type="stmt"/>
      <line num="6" count="1" type="stmt"/>
      <line num="8" count="1" type="stmt"/>
      <line num="13" count="0" type="stmt"/>
      <line num="18" count="2" type="stmt"/>
      <line num="19" count="2" type="stmt"/>
      <line num="25" count="2" type="stmt"/>
      <line num="29" count="2" type="stmt"/>
      <line num="33" count="2" type="stmt"/>
      <line num="37" count="3" type="cond" truecount="2" falsecount="0"/>
      <line num="38" count="1" type="stmt"/>
      <line num="40" count="2" type="stmt"/>
      <line num="45" count="5" type="cond" truecount="5" falsecount="0"/>
      <line num="47" count="1" type="stmt"/>
      <line num="50" count="1" type="stmt"/>
      <line num="53" count="1" type="stmt"/>
      <line num="56" count="1" type="stmt"/>
      <line num="58" count="1" type="stmt"/>
    </file>
  </project>
</coverage>
