<?xml version="1.0" encoding="UTF-8"?>
<coverage generated="1650726795374" clover="3.2.0">
  <project timestamp="1650726795374" name="All files">
    <metrics statements="14" coveredstatements="14" conditionals="7" coveredconditionals="7" methods="6" coveredmethods="6" elements="27" coveredelements="27" complexity="0" loc="14" ncloc="14" packages="1" files="1" classes="1"/>
    <file name="calculator.js" path="/home/hayley/repos/Calculator/calculator.js">
      <metrics statements="14" coveredstatements="14" conditionals="7" coveredconditionals="7" methods="6" coveredmethods="6"/>
      <line num="3" count="1" type="stmt"/>
      <line num="10" count="2" type="stmt"/>
      <line num="14" count="2" type="stmt"/>
      <line num="18" count="2" type="stmt"/>
      <line num="22" count="3" type="cond" truecount="2" falsecount="0"/>
      <line num="23" count="1" type="stmt"/>
      <line num="25" count="2" type="stmt"/>
      <line num="30" count="5" type="cond" truecount="5" falsecount="0"/>
      <line num="32" count="1" type="stmt"/>
      <line num="35" count="1" type="stmt"/>
      <line num="38" count="1" type="stmt"/>
      <line num="41" count="1" type="stmt"/>
      <line num="43" count="1" type="stmt"/>
      <line num="47" count="1" type="stmt"/>
    </file>
  </project>
</coverage>
