{"/home/hayley/repos/Calculator/calculator.js": {"path":"/home/hayley/repos/Calculator/calculator.js","statementMap":{"0":{"start":{"line":3,"column":0},"end":{"line":3,"column":13}},"1":{"start":{"line":10,"column":2},"end":{"line":10,"column":30}},"2":{"start":{"line":14,"column":2},"end":{"line":14,"column":30}},"3":{"start":{"line":18,"column":2},"end":{"line":18,"column":30}},"4":{"start":{"line":22,"column":2},"end":{"line":26,"column":3}},"5":{"start":{"line":23,"column":4},"end":{"line":23,"column":35}},"6":{"start":{"line":25,"column":4},"end":{"line":25,"column":32}},"7":{"start":{"line":30,"column":2},"end":{"line":44,"column":3}},"8":{"start":{"line":32,"column":6},"end":{"line":32,"column":38}},"9":{"start":{"line":35,"column":6},"end":{"line":35,"column":43}},"10":{"start":{"line":38,"column":6},"end":{"line":38,"column":43}},"11":{"start":{"line":41,"column":6},"end":{"line":41,"column":41}},"12":{"start":{"line":43,"column":6},"end":{"line":43,"column":32}},"13":{"start":{"line":47,"column":0},"end":{"line":47,"column":70}}},"fnMap":{"0":{"name":"calculator","decl":{"start":{"line":5,"column":9},"end":{"line":5,"column":19}},"loc":{"start":{"line":5,"column":22},"end":{"line":5,"column":24}},"line":5},"1":{"name":"add","decl":{"start":{"line":9,"column":9},"end":{"line":9,"column":12}},"loc":{"start":{"line":9,"column":34},"end":{"line":11,"column":1}},"line":9},"2":{"name":"subtract","decl":{"start":{"line":13,"column":9},"end":{"line":13,"column":17}},"loc":{"start":{"line":13,"column":39},"end":{"line":15,"column":1}},"line":13},"3":{"name":"multiply","decl":{"start":{"line":17,"column":9},"end":{"line":17,"column":17}},"loc":{"start":{"line":17,"column":39},"end":{"line":19,"column":1}},"line":17},"4":{"name":"divide","decl":{"start":{"line":21,"column":9},"end":{"line":21,"column":15}},"loc":{"start":{"line":21,"column":37},"end":{"line":27,"column":1}},"line":21},"5":{"name":"selectOperation","decl":{"start":{"line":29,"column":9},"end":{"line":29,"column":24}},"loc":{"start":{"line":29,"column":56},"end":{"line":45,"column":1}},"line":29}},"branchMap":{"0":{"loc":{"start":{"line":22,"column":2},"end":{"line":26,"column":3}},"type":"if","locations":[{"start":{"line":22,"column":2},"end":{"line":26,"column":3}},{"start":{"line":24,"column":9},"end":{"line":26,"column":3}}],"line":22},"1":{"loc":{"start":{"line":30,"column":2},"end":{"line":44,"column":3}},"type":"switch","locations":[{"start":{"line":31,"column":4},"end":{"line":32,"column":38}},{"start":{"line":34,"column":4},"end":{"line":35,"column":43}},{"start":{"line":37,"column":4},"end":{"line":38,"column":43}},{"start":{"line":40,"column":4},"end":{"line":41,"column":41}},{"start":{"line":42,"column":4},"end":{"line":43,"column":32}}],"line":30}},"s":{"0":1,"1":2,"2":2,"3":2,"4":3,"5":1,"6":2,"7":5,"8":1,"9":1,"10":1,"11":1,"12":1,"13":1},"f":{"0":1,"1":2,"2":2,"3":2,"4":3,"5":5},"b":{"0":[1,2],"1":[1,1,1,1,1]},"_coverageSchema":"1a1c01bbd47fc00a2c39e90264f33305004495a9","hash":"abd439c857967f9034dfd5b93fec88d58aed2d81"}
}
