{"/home/hayley/repos/Calculator/calculator.js": {"path":"/home/hayley/repos/Calculator/calculator.js","statementMap":{"0":{"start":{"line":3,"column":0},"end":{"line":3,"column":13}},"1":{"start":{"line":6,"column":21},"end":{"line":6,"column":24}},"2":{"start":{"line":8,"column":2},"end":{"line":8,"column":30}},"3":{"start":{"line":13,"column":2},"end":{"line":13,"column":14}},"4":{"start":{"line":18,"column":16},"end":{"line":18,"column":50}},"5":{"start":{"line":19,"column":2},"end":{"line":19,"column":23}},"6":{"start":{"line":25,"column":2},"end":{"line":25,"column":30}},"7":{"start":{"line":29,"column":2},"end":{"line":29,"column":30}},"8":{"start":{"line":33,"column":2},"end":{"line":33,"column":30}},"9":{"start":{"line":37,"column":2},"end":{"line":41,"column":3}},"10":{"start":{"line":38,"column":4},"end":{"line":38,"column":35}},"11":{"start":{"line":40,"column":4},"end":{"line":40,"column":32}},"12":{"start":{"line":45,"column":2},"end":{"line":59,"column":3}},"13":{"start":{"line":47,"column":6},"end":{"line":47,"column":38}},"14":{"start":{"line":50,"column":6},"end":{"line":50,"column":43}},"15":{"start":{"line":53,"column":6},"end":{"line":53,"column":43}},"16":{"start":{"line":56,"column":6},"end":{"line":56,"column":41}},"17":{"start":{"line":58,"column":6},"end":{"line":58,"column":32}}},"fnMap":{"0":{"name":"calculator","decl":{"start":{"line":5,"column":9},"end":{"line":5,"column":19}},"loc":{"start":{"line":5,"column":22},"end":{"line":9,"column":1}},"line":5},"1":{"name":"addButtonClickEvents","decl":{"start":{"line":12,"column":9},"end":{"line":12,"column":29}},"loc":{"start":{"line":12,"column":32},"end":{"line":14,"column":1}},"line":12},"2":{"name":"updateDisplay","decl":{"start":{"line":17,"column":9},"end":{"line":17,"column":22}},"loc":{"start":{"line":17,"column":30},"end":{"line":20,"column":1}},"line":17},"3":{"name":"add","decl":{"start":{"line":24,"column":9},"end":{"line":24,"column":12}},"loc":{"start":{"line":24,"column":34},"end":{"line":26,"column":1}},"line":24},"4":{"name":"subtract","decl":{"start":{"line":28,"column":9},"end":{"line":28,"column":17}},"loc":{"start":{"line":28,"column":39},"end":{"line":30,"column":1}},"line":28},"5":{"name":"multiply","decl":{"start":{"line":32,"column":9},"end":{"line":32,"column":17}},"loc":{"start":{"line":32,"column":39},"end":{"line":34,"column":1}},"line":32},"6":{"name":"divide","decl":{"start":{"line":36,"column":9},"end":{"line":36,"column":15}},"loc":{"start":{"line":36,"column":37},"end":{"line":42,"column":1}},"line":36},"7":{"name":"selectOperation","decl":{"start":{"line":44,"column":9},"end":{"line":44,"column":24}},"loc":{"start":{"line":44,"column":56},"end":{"line":60,"column":1}},"line":44}},"branchMap":{"0":{"loc":{"start":{"line":37,"column":2},"end":{"line":41,"column":3}},"type":"if","locations":[{"start":{"line":37,"column":2},"end":{"line":41,"column":3}},{"start":{"line":39,"column":9},"end":{"line":41,"column":3}}],"line":37},"1":{"loc":{"start":{"line":45,"column":2},"end":{"line":59,"column":3}},"type":"switch","locations":[{"start":{"line":46,"column":4},"end":{"line":47,"column":38}},{"start":{"line":49,"column":4},"end":{"line":50,"column":43}},{"start":{"line":52,"column":4},"end":{"line":53,"column":43}},{"start":{"line":55,"column":4},"end":{"line":56,"column":41}},{"start":{"line":57,"column":4},"end":{"line":58,"column":32}}],"line":45}},"s":{"0":1,"1":1,"2":1,"3":0,"4":2,"5":2,"6":2,"7":2,"8":2,"9":3,"10":1,"11":2,"12":5,"13":1,"14":1,"15":1,"16":1,"17":1},"f":{"0":1,"1":0,"2":2,"3":2,"4":2,"5":2,"6":3,"7":5},"b":{"0":[1,2],"1":[1,1,1,1,1]},"inputSourceMap":null,"_coverageSchema":"1a1c01bbd47fc00a2c39e90264f33305004495a9","hash":"4358b6024a158cc7c3605cb032fe2daf1c081b6d"}
}
