TN:
SF:calculator.js
FN:5,calculator
FN:12,addButtonClickEvents
FN:17,updateDisplay
FN:24,add
FN:28,subtract
FN:32,multiply
FN:36,divide
FN:44,selectOperation
FNF:8
FNH:7
FNDA:1,calculator
FNDA:0,addButtonClickEvents
FNDA:2,updateDisplay
FNDA:2,add
FNDA:2,subtract
FNDA:2,multiply
FNDA:3,divide
FNDA:5,selectOperation
DA:3,1
DA:6,1
DA:8,1
DA:13,0
DA:18,2
DA:19,2
DA:25,2
DA:29,2
DA:33,2
DA:37,3
DA:38,1
DA:40,2
DA:45,5
DA:47,1
DA:50,1
DA:53,1
DA:56,1
DA:58,1
LF:18
LH:17
BRDA:37,0,0,1
BRDA:37,0,1,2
BRDA:45,1,0,1
BRDA:45,1,1,1
BRDA:45,1,2,1
BRDA:45,1,3,1
BRDA:45,1,4,1
BRF:7
BRH:7
end_of_record
